

Started GET "/" for 127.0.0.1 at 2013-07-12 23:41:50 -0700
Processing by Rails::WelcomeController#index as HTML
  Rendered /Users/sagupta/.rvm/gems/ruby-1.9.3-p448/gems/railties-4.0.0/lib/rails/templates/rails/welcome/index.html.erb (2.6ms)
Completed 200 OK in 30ms (Views: 11.7ms | ActiveRecord: 0.0ms)


Started GET "/events" for 127.0.0.1 at 2013-07-12 23:59:56 -0700

ActiveRecord::PendingMigrationError (Migrations are pending; run 'rake db:migrate RAILS_ENV=development' to resolve this issue.):
  activerecord (4.0.0) lib/active_record/migration.rb:379:in `check_pending!'
  activerecord (4.0.0) lib/active_record/migration.rb:366:in `call'
  actionpack (4.0.0) lib/action_dispatch/middleware/callbacks.rb:29:in `block in call'
  activesupport (4.0.0) lib/active_support/callbacks.rb:373:in `_run__2384599868336913414__call__callbacks'
  activesupport (4.0.0) lib/active_support/callbacks.rb:80:in `run_callbacks'
  actionpack (4.0.0) lib/action_dispatch/middleware/callbacks.rb:27:in `call'
  actionpack (4.0.0) lib/action_dispatch/middleware/reloader.rb:64:in `call'
  actionpack (4.0.0) lib/action_dispatch/middleware/remote_ip.rb:76:in `call'
  actionpack (4.0.0) lib/action_dispatch/middleware/debug_exceptions.rb:17:in `call'
  actionpack (4.0.0) lib/action_dispatch/middleware/show_exceptions.rb:30:in `call'
  railties (4.0.0) lib/rails/rack/logger.rb:38:in `call_app'
  railties (4.0.0) lib/rails/rack/logger.rb:21:in `block in call'
  activesupport (4.0.0) lib/active_support/tagged_logging.rb:67:in `block in tagged'
  activesupport (4.0.0) lib/active_support/tagged_logging.rb:25:in `tagged'
  activesupport (4.0.0) lib/active_support/tagged_logging.rb:67:in `tagged'
  railties (4.0.0) lib/rails/rack/logger.rb:21:in `call'
  actionpack (4.0.0) lib/action_dispatch/middleware/request_id.rb:21:in `call'
  rack (1.5.2) lib/rack/methodoverride.rb:21:in `call'
  rack (1.5.2) lib/rack/runtime.rb:17:in `call'
  activesupport (4.0.0) lib/active_support/cache/strategy/local_cache.rb:83:in `call'
  rack (1.5.2) lib/rack/lock.rb:17:in `call'
  actionpack (4.0.0) lib/action_dispatch/middleware/static.rb:64:in `call'
  railties (4.0.0) lib/rails/engine.rb:511:in `call'
  railties (4.0.0) lib/rails/application.rb:97:in `call'
  rack (1.5.2) lib/rack/lock.rb:17:in `call'
  rack (1.5.2) lib/rack/content_length.rb:14:in `call'
  rack (1.5.2) lib/rack/handler/webrick.rb:60:in `service'
  /Users/sagupta/.rvm/rubies/ruby-1.9.3-p448/lib/ruby/1.9.1/webrick/httpserver.rb:138:in `service'
  /Users/sagupta/.rvm/rubies/ruby-1.9.3-p448/lib/ruby/1.9.1/webrick/httpserver.rb:94:in `run'
  /Users/sagupta/.rvm/rubies/ruby-1.9.3-p448/lib/ruby/1.9.1/webrick/server.rb:191:in `block in start_thread'


  Rendered /Users/sagupta/.rvm/gems/ruby-1.9.3-p448/gems/actionpack-4.0.0/lib/action_dispatch/middleware/templates/rescues/_source.erb (1.0ms)
  Rendered /Users/sagupta/.rvm/gems/ruby-1.9.3-p448/gems/actionpack-4.0.0/lib/action_dispatch/middleware/templates/rescues/_trace.erb (0.8ms)
  Rendered /Users/sagupta/.rvm/gems/ruby-1.9.3-p448/gems/actionpack-4.0.0/lib/action_dispatch/middleware/templates/rescues/_request_and_response.erb (0.7ms)
  Rendered /Users/sagupta/.rvm/gems/ruby-1.9.3-p448/gems/actionpack-4.0.0/lib/action_dispatch/middleware/templates/rescues/diagnostics.erb within rescues/layout (18.8ms)


Started GET "/events" for 127.0.0.1 at 2013-07-12 23:59:59 -0700

ActiveRecord::PendingMigrationError (Migrations are pending; run 'rake db:migrate RAILS_ENV=development' to resolve this issue.):
  activerecord (4.0.0) lib/active_record/migration.rb:379:in `check_pending!'
  activerecord (4.0.0) lib/active_record/migration.rb:366:in `call'
  actionpack (4.0.0) lib/action_dispatch/middleware/callbacks.rb:29:in `block in call'
  activesupport (4.0.0) lib/active_support/callbacks.rb:373:in `_run__2384599868336913414__call__callbacks'
  activesupport (4.0.0) lib/active_support/callbacks.rb:80:in `run_callbacks'
  actionpack (4.0.0) lib/action_dispatch/middleware/callbacks.rb:27:in `call'
  actionpack (4.0.0) lib/action_dispatch/middleware/reloader.rb:64:in `call'
  actionpack (4.0.0) lib/action_dispatch/middleware/remote_ip.rb:76:in `call'
  actionpack (4.0.0) lib/action_dispatch/middleware/debug_exceptions.rb:17:in `call'
  actionpack (4.0.0) lib/action_dispatch/middleware/show_exceptions.rb:30:in `call'
  railties (4.0.0) lib/rails/rack/logger.rb:38:in `call_app'
  railties (4.0.0) lib/rails/rack/logger.rb:21:in `block in call'
  activesupport (4.0.0) lib/active_support/tagged_logging.rb:67:in `block in tagged'
  activesupport (4.0.0) lib/active_support/tagged_logging.rb:25:in `tagged'
  activesupport (4.0.0) lib/active_support/tagged_logging.rb:67:in `tagged'
  railties (4.0.0) lib/rails/rack/logger.rb:21:in `call'
  actionpack (4.0.0) lib/action_dispatch/middleware/request_id.rb:21:in `call'
  rack (1.5.2) lib/rack/methodoverride.rb:21:in `call'
  rack (1.5.2) lib/rack/runtime.rb:17:in `call'
  activesupport (4.0.0) lib/active_support/cache/strategy/local_cache.rb:83:in `call'
  rack (1.5.2) lib/rack/lock.rb:17:in `call'
  actionpack (4.0.0) lib/action_dispatch/middleware/static.rb:64:in `call'
  railties (4.0.0) lib/rails/engine.rb:511:in `call'
  railties (4.0.0) lib/rails/application.rb:97:in `call'
  rack (1.5.2) lib/rack/lock.rb:17:in `call'
  rack (1.5.2) lib/rack/content_length.rb:14:in `call'
  rack (1.5.2) lib/rack/handler/webrick.rb:60:in `service'
  /Users/sagupta/.rvm/rubies/ruby-1.9.3-p448/lib/ruby/1.9.1/webrick/httpserver.rb:138:in `service'
  /Users/sagupta/.rvm/rubies/ruby-1.9.3-p448/lib/ruby/1.9.1/webrick/httpserver.rb:94:in `run'
  /Users/sagupta/.rvm/rubies/ruby-1.9.3-p448/lib/ruby/1.9.1/webrick/server.rb:191:in `block in start_thread'


  Rendered /Users/sagupta/.rvm/gems/ruby-1.9.3-p448/gems/actionpack-4.0.0/lib/action_dispatch/middleware/templates/rescues/_source.erb (0.6ms)
  Rendered /Users/sagupta/.rvm/gems/ruby-1.9.3-p448/gems/actionpack-4.0.0/lib/action_dispatch/middleware/templates/rescues/_trace.erb (1.2ms)
  Rendered /Users/sagupta/.rvm/gems/ruby-1.9.3-p448/gems/actionpack-4.0.0/lib/action_dispatch/middleware/templates/rescues/_request_and_response.erb (0.7ms)
  Rendered /Users/sagupta/.rvm/gems/ruby-1.9.3-p448/gems/actionpack-4.0.0/lib/action_dispatch/middleware/templates/rescues/diagnostics.erb within rescues/layout (14.6ms)


Started GET "/" for 127.0.0.1 at 2013-07-13 00:00:03 -0700

ActiveRecord::PendingMigrationError (Migrations are pending; run 'rake db:migrate RAILS_ENV=development' to resolve this issue.):
  activerecord (4.0.0) lib/active_record/migration.rb:379:in `check_pending!'
  activerecord (4.0.0) lib/active_record/migration.rb:366:in `call'
  actionpack (4.0.0) lib/action_dispatch/middleware/callbacks.rb:29:in `block in call'
  activesupport (4.0.0) lib/active_support/callbacks.rb:373:in `_run__2384599868336913414__call__callbacks'
  activesupport (4.0.0) lib/active_support/callbacks.rb:80:in `run_callbacks'
  actionpack (4.0.0) lib/action_dispatch/middleware/callbacks.rb:27:in `call'
  actionpack (4.0.0) lib/action_dispatch/middleware/reloader.rb:64:in `call'
  actionpack (4.0.0) lib/action_dispatch/middleware/remote_ip.rb:76:in `call'
  actionpack (4.0.0) lib/action_dispatch/middleware/debug_exceptions.rb:17:in `call'
  actionpack (4.0.0) lib/action_dispatch/middleware/show_exceptions.rb:30:in `call'
  railties (4.0.0) lib/rails/rack/logger.rb:38:in `call_app'
  railties (4.0.0) lib/rails/rack/logger.rb:21:in `block in call'
  activesupport (4.0.0) lib/active_support/tagged_logging.rb:67:in `block in tagged'
  activesupport (4.0.0) lib/active_support/tagged_logging.rb:25:in `tagged'
  activesupport (4.0.0) lib/active_support/tagged_logging.rb:67:in `tagged'
  railties (4.0.0) lib/rails/rack/logger.rb:21:in `call'
  actionpack (4.0.0) lib/action_dispatch/middleware/request_id.rb:21:in `call'
  rack (1.5.2) lib/rack/methodoverride.rb:21:in `call'
  rack (1.5.2) lib/rack/runtime.rb:17:in `call'
  activesupport (4.0.0) lib/active_support/cache/strategy/local_cache.rb:83:in `call'
  rack (1.5.2) lib/rack/lock.rb:17:in `call'
  actionpack (4.0.0) lib/action_dispatch/middleware/static.rb:64:in `call'
  railties (4.0.0) lib/rails/engine.rb:511:in `call'
  railties (4.0.0) lib/rails/application.rb:97:in `call'
  rack (1.5.2) lib/rack/lock.rb:17:in `call'
  rack (1.5.2) lib/rack/content_length.rb:14:in `call'
  rack (1.5.2) lib/rack/handler/webrick.rb:60:in `service'
  /Users/sagupta/.rvm/rubies/ruby-1.9.3-p448/lib/ruby/1.9.1/webrick/httpserver.rb:138:in `service'
  /Users/sagupta/.rvm/rubies/ruby-1.9.3-p448/lib/ruby/1.9.1/webrick/httpserver.rb:94:in `run'
  /Users/sagupta/.rvm/rubies/ruby-1.9.3-p448/lib/ruby/1.9.1/webrick/server.rb:191:in `block in start_thread'


  Rendered /Users/sagupta/.rvm/gems/ruby-1.9.3-p448/gems/actionpack-4.0.0/lib/action_dispatch/middleware/templates/rescues/_source.erb (0.9ms)
  Rendered /Users/sagupta/.rvm/gems/ruby-1.9.3-p448/gems/actionpack-4.0.0/lib/action_dispatch/middleware/templates/rescues/_trace.erb (1.1ms)
  Rendered /Users/sagupta/.rvm/gems/ruby-1.9.3-p448/gems/actionpack-4.0.0/lib/action_dispatch/middleware/templates/rescues/_request_and_response.erb (0.9ms)
  Rendered /Users/sagupta/.rvm/gems/ruby-1.9.3-p448/gems/actionpack-4.0.0/lib/action_dispatch/middleware/templates/rescues/diagnostics.erb within rescues/layout (15.1ms)
  [1m[36m (1.0ms)[0m  [1mCREATE TABLE "schema_migrations" ("version" varchar(255) NOT NULL) [0m
  [1m[35m (0.8ms)[0m  CREATE UNIQUE INDEX "unique_schema_migrations" ON "schema_migrations" ("version")
  [1m[36mActiveRecord::SchemaMigration Load (0.1ms)[0m  [1mSELECT "schema_migrations".* FROM "schema_migrations"[0m
Migrating to CreateEvents (20130713064933)
  [1m[35m (0.1ms)[0m  begin transaction
  [1m[36m (0.3ms)[0m  [1mCREATE TABLE "events" ("id" INTEGER PRIMARY KEY AUTOINCREMENT NOT NULL, "created_at" datetime, "updated_at" datetime) [0m
  [1m[35mSQL (1.3ms)[0m  INSERT INTO "schema_migrations" ("version") VALUES (?)  [["version", "20130713064933"]]
  [1m[36m (0.9ms)[0m  [1mcommit transaction[0m
Migrating to AddNameToEvents (20130713065326)
  [1m[35m (0.1ms)[0m  begin transaction
  [1m[36mSQL (0.2ms)[0m  [1mINSERT INTO "schema_migrations" ("version") VALUES (?)[0m  [["version", "20130713065326"]]
  [1m[35m (0.9ms)[0m  commit transaction
  [1m[36mActiveRecord::SchemaMigration Load (0.1ms)[0m  [1mSELECT "schema_migrations".* FROM "schema_migrations"[0m


Started GET "/" for 127.0.0.1 at 2013-07-13 00:00:18 -0700
  [1m[36mActiveRecord::SchemaMigration Load (0.1ms)[0m  [1mSELECT "schema_migrations".* FROM "schema_migrations"[0m
Processing by Rails::WelcomeController#index as HTML
  Rendered /Users/sagupta/.rvm/gems/ruby-1.9.3-p448/gems/railties-4.0.0/lib/rails/templates/rails/welcome/index.html.erb (0.1ms)
Completed 200 OK in 2ms (Views: 2.1ms | ActiveRecord: 0.0ms)


Started GET "/events" for 127.0.0.1 at 2013-07-13 00:00:23 -0700
Processing by EventsController#index as HTML
  [1m[35mEvent Load (0.1ms)[0m  SELECT "events".* FROM "events"
  Rendered events/index.html.erb within layouts/application (2.2ms)
Completed 200 OK in 580ms (Views: 577.3ms | ActiveRecord: 0.4ms)


Started GET "/assets/application.css?body=1" for 127.0.0.1 at 2013-07-13 00:00:24 -0700


Started GET "/assets/events.css?body=1" for 127.0.0.1 at 2013-07-13 00:00:24 -0700


Started GET "/assets/scaffolds.css?body=1" for 127.0.0.1 at 2013-07-13 00:00:24 -0700


Started GET "/assets/events.js?body=1" for 127.0.0.1 at 2013-07-13 00:00:24 -0700


Started GET "/assets/jquery.js?body=1" for 127.0.0.1 at 2013-07-13 00:00:24 -0700


Started GET "/assets/jquery_ujs.js?body=1" for 127.0.0.1 at 2013-07-13 00:00:24 -0700


Started GET "/assets/turbolinks.js?body=1" for 127.0.0.1 at 2013-07-13 00:00:24 -0700


Started GET "/assets/application.js?body=1" for 127.0.0.1 at 2013-07-13 00:00:24 -0700


Started GET "/events/new" for 127.0.0.1 at 2013-07-13 00:00:29 -0700
Processing by EventsController#new as HTML
  Rendered events/_form.html.erb (28.6ms)
  Rendered events/new.html.erb within layouts/application (35.4ms)
Completed 200 OK in 41ms (Views: 39.3ms | ActiveRecord: 0.2ms)
  [1m[36mActiveRecord::SchemaMigration Load (0.1ms)[0m  [1mSELECT "schema_migrations".* FROM "schema_migrations"[0m
Migrating to RemoveNameFromEvents (20130713070155)
  [1m[35m (0.1ms)[0m  begin transaction
  [1m[36mSQL (1.3ms)[0m  [1mINSERT INTO "schema_migrations" ("version") VALUES (?)[0m  [["version", "20130713070155"]]
  [1m[35m (2.5ms)[0m  commit transaction
  [1m[36mActiveRecord::SchemaMigration Load (0.1ms)[0m  [1mSELECT "schema_migrations".* FROM "schema_migrations"[0m
  [1m[36mActiveRecord::SchemaMigration Load (0.1ms)[0m  [1mSELECT "schema_migrations".* FROM "schema_migrations"[0m
Migrating to AddNameAndUrlToEvents (20130713070415)
  [1m[35m (0.1ms)[0m  begin transaction
  [1m[36m (0.4ms)[0m  [1mALTER TABLE "events" ADD "name" varchar(255)[0m
  [1m[35m (0.1ms)[0m  ALTER TABLE "events" ADD "url" varchar(255)
  [1m[36mSQL (1.0ms)[0m  [1mINSERT INTO "schema_migrations" ("version") VALUES (?)[0m  [["version", "20130713070415"]]
  [1m[35m (2.1ms)[0m  commit transaction
  [1m[36mActiveRecord::SchemaMigration Load (0.1ms)[0m  [1mSELECT "schema_migrations".* FROM "schema_migrations"[0m
  [1m[36mActiveRecord::SchemaMigration Load (0.1ms)[0m  [1mSELECT "schema_migrations".* FROM "schema_migrations"[0m
Migrating to AddLocationAndTimeToEvents (20130713071012)
  [1m[35m (0.1ms)[0m  begin transaction
  [1m[36m (0.4ms)[0m  [1mALTER TABLE "events" ADD "location" varchar(255)[0m
  [1m[35m (0.2ms)[0m  ALTER TABLE "events" ADD "time" datetime
  [1m[36mSQL (1.0ms)[0m  [1mINSERT INTO "schema_migrations" ("version") VALUES (?)[0m  [["version", "20130713071012"]]
  [1m[35m (2.7ms)[0m  commit transaction
  [1m[36mActiveRecord::SchemaMigration Load (0.1ms)[0m  [1mSELECT "schema_migrations".* FROM "schema_migrations"[0m


Started GET "/events" for 127.0.0.1 at 2013-07-13 00:10:25 -0700
  [1m[36mActiveRecord::SchemaMigration Load (0.1ms)[0m  [1mSELECT "schema_migrations".* FROM "schema_migrations"[0m
Processing by EventsController#index as HTML
  [1m[35mEvent Load (0.1ms)[0m  SELECT "events".* FROM "events"
  Rendered events/index.html.erb within layouts/application (1.4ms)
Completed 200 OK in 8ms (Views: 5.1ms | ActiveRecord: 0.3ms)


Started GET "/assets/application.css?body=1" for 127.0.0.1 at 2013-07-13 00:10:25 -0700


Started GET "/assets/events.css?body=1" for 127.0.0.1 at 2013-07-13 00:10:25 -0700


Started GET "/assets/scaffolds.css?body=1" for 127.0.0.1 at 2013-07-13 00:10:25 -0700


Started GET "/assets/jquery.js?body=1" for 127.0.0.1 at 2013-07-13 00:10:25 -0700


Started GET "/assets/jquery_ujs.js?body=1" for 127.0.0.1 at 2013-07-13 00:10:25 -0700


Started GET "/assets/turbolinks.js?body=1" for 127.0.0.1 at 2013-07-13 00:10:25 -0700


Started GET "/assets/events.js?body=1" for 127.0.0.1 at 2013-07-13 00:10:25 -0700


Started GET "/assets/application.js?body=1" for 127.0.0.1 at 2013-07-13 00:10:25 -0700


Started GET "/events/new" for 127.0.0.1 at 2013-07-13 00:10:28 -0700
Processing by EventsController#new as HTML
  Rendered events/_form.html.erb (13.3ms)
  Rendered events/new.html.erb within layouts/application (14.2ms)
Completed 200 OK in 31ms (Views: 29.8ms | ActiveRecord: 0.1ms)


Started POST "/events" for 127.0.0.1 at 2013-07-13 00:10:30 -0700
Processing by EventsController#create as HTML
  Parameters: {"utf8"=>"✓", "authenticity_token"=>"xN5zlHbPdCS42yf2zrGAoQHNLz8/rNekce+YW9k3ZNA=", "commit"=>"Create Event"}
  [1m[36m (0.1ms)[0m  [1mbegin transaction[0m
  [1m[35mSQL (7.9ms)[0m  INSERT INTO "events" ("created_at", "updated_at") VALUES (?, ?)  [["created_at", Sat, 13 Jul 2013 07:10:30 UTC +00:00], ["updated_at", Sat, 13 Jul 2013 07:10:30 UTC +00:00]]
  [1m[36m (0.8ms)[0m  [1mcommit transaction[0m
Redirected to http://localhost:3000/events/1
Completed 302 Found in 14ms (ActiveRecord: 8.7ms)


Started GET "/events/1" for 127.0.0.1 at 2013-07-13 00:10:30 -0700
Processing by EventsController#show as HTML
  Parameters: {"id"=>"1"}
  [1m[35mEvent Load (0.2ms)[0m  SELECT "events".* FROM "events" WHERE "events"."id" = ? LIMIT 1  [["id", "1"]]
  Rendered events/show.html.erb within layouts/application (0.9ms)
Completed 200 OK in 8ms (Views: 6.0ms | ActiveRecord: 0.2ms)


Started GET "/assets/application.css?body=1" for 127.0.0.1 at 2013-07-13 00:10:30 -0700


Started GET "/assets/events.css?body=1" for 127.0.0.1 at 2013-07-13 00:10:30 -0700


Started GET "/assets/scaffolds.css?body=1" for 127.0.0.1 at 2013-07-13 00:10:30 -0700


Started GET "/assets/jquery.js?body=1" for 127.0.0.1 at 2013-07-13 00:10:30 -0700


Started GET "/assets/events.js?body=1" for 127.0.0.1 at 2013-07-13 00:10:30 -0700


Started GET "/assets/jquery_ujs.js?body=1" for 127.0.0.1 at 2013-07-13 00:10:30 -0700


Started GET "/assets/turbolinks.js?body=1" for 127.0.0.1 at 2013-07-13 00:10:30 -0700


Started GET "/assets/application.js?body=1" for 127.0.0.1 at 2013-07-13 00:10:30 -0700


Started GET "/events/1/edit" for 127.0.0.1 at 2013-07-13 00:10:32 -0700
Processing by EventsController#edit as HTML
  Parameters: {"id"=>"1"}
  [1m[36mEvent Load (0.1ms)[0m  [1mSELECT "events".* FROM "events" WHERE "events"."id" = ? LIMIT 1[0m  [["id", "1"]]
  Rendered events/_form.html.erb (1.5ms)
  Rendered events/edit.html.erb within layouts/application (2.8ms)
Completed 200 OK in 8ms (Views: 6.3ms | ActiveRecord: 0.1ms)


Started GET "/" for 127.0.0.1 at 2013-07-13 00:10:59 -0700
  [1m[36mActiveRecord::SchemaMigration Load (0.1ms)[0m  [1mSELECT "schema_migrations".* FROM "schema_migrations"[0m
Processing by Rails::WelcomeController#index as HTML
  Rendered /Users/sagupta/.rvm/gems/ruby-1.9.3-p448/gems/railties-4.0.0/lib/rails/templates/rails/welcome/index.html.erb (2.3ms)
Completed 200 OK in 36ms (Views: 21.7ms | ActiveRecord: 0.0ms)


Started GET "/" for 127.0.0.1 at 2013-07-13 00:11:37 -0700
Processing by Rails::WelcomeController#index as HTML
  Rendered /Users/sagupta/.rvm/gems/ruby-1.9.3-p448/gems/railties-4.0.0/lib/rails/templates/rails/welcome/index.html.erb (0.1ms)
Completed 200 OK in 2ms (Views: 1.5ms | ActiveRecord: 0.0ms)


Started GET "/" for 127.0.0.1 at 2013-07-13 00:11:38 -0700
Processing by Rails::WelcomeController#index as HTML
  Rendered /Users/sagupta/.rvm/gems/ruby-1.9.3-p448/gems/railties-4.0.0/lib/rails/templates/rails/welcome/index.html.erb (0.0ms)
Completed 200 OK in 2ms (Views: 1.3ms | ActiveRecord: 0.0ms)


Started GET "/" for 127.0.0.1 at 2013-07-13 00:12:00 -0700

ActionController::RoutingError (uninitialized constant WelcomeController):
  activesupport (4.0.0) lib/active_support/inflector/methods.rb:226:in `const_get'
  activesupport (4.0.0) lib/active_support/inflector/methods.rb:226:in `block in constantize'
  activesupport (4.0.0) lib/active_support/inflector/methods.rb:224:in `each'
  activesupport (4.0.0) lib/active_support/inflector/methods.rb:224:in `inject'
  activesupport (4.0.0) lib/active_support/inflector/methods.rb:224:in `constantize'
  actionpack (4.0.0) lib/action_dispatch/routing/route_set.rb:76:in `controller_reference'
  actionpack (4.0.0) lib/action_dispatch/routing/route_set.rb:66:in `controller'
  actionpack (4.0.0) lib/action_dispatch/routing/route_set.rb:44:in `call'
  actionpack (4.0.0) lib/action_dispatch/journey/router.rb:71:in `block in call'
  actionpack (4.0.0) lib/action_dispatch/journey/router.rb:59:in `each'
  actionpack (4.0.0) lib/action_dispatch/journey/router.rb:59:in `call'
  actionpack (4.0.0) lib/action_dispatch/routing/route_set.rb:655:in `call'
  rack (1.5.2) lib/rack/etag.rb:23:in `call'
  rack (1.5.2) lib/rack/conditionalget.rb:25:in `call'
  rack (1.5.2) lib/rack/head.rb:11:in `call'
  actionpack (4.0.0) lib/action_dispatch/middleware/params_parser.rb:27:in `call'
  actionpack (4.0.0) lib/action_dispatch/middleware/flash.rb:241:in `call'
  rack (1.5.2) lib/rack/session/abstract/id.rb:225:in `context'
  rack (1.5.2) lib/rack/session/abstract/id.rb:220:in `call'
  actionpack (4.0.0) lib/action_dispatch/middleware/cookies.rb:486:in `call'
  activerecord (4.0.0) lib/active_record/query_cache.rb:36:in `call'
  activerecord (4.0.0) lib/active_record/connection_adapters/abstract/connection_pool.rb:626:in `call'
  activerecord (4.0.0) lib/active_record/migration.rb:369:in `call'
  actionpack (4.0.0) lib/action_dispatch/middleware/callbacks.rb:29:in `block in call'
  activesupport (4.0.0) lib/active_support/callbacks.rb:373:in `_run__2788287101650378356__call__callbacks'
  activesupport (4.0.0) lib/active_support/callbacks.rb:80:in `run_callbacks'
  actionpack (4.0.0) lib/action_dispatch/middleware/callbacks.rb:27:in `call'
  actionpack (4.0.0) lib/action_dispatch/middleware/reloader.rb:64:in `call'
  actionpack (4.0.0) lib/action_dispatch/middleware/remote_ip.rb:76:in `call'
  actionpack (4.0.0) lib/action_dispatch/middleware/debug_exceptions.rb:17:in `call'
  actionpack (4.0.0) lib/action_dispatch/middleware/show_exceptions.rb:30:in `call'
  railties (4.0.0) lib/rails/rack/logger.rb:38:in `call_app'
  railties (4.0.0) lib/rails/rack/logger.rb:21:in `block in call'
  activesupport (4.0.0) lib/active_support/tagged_logging.rb:67:in `block in tagged'
  activesupport (4.0.0) lib/active_support/tagged_logging.rb:25:in `tagged'
  activesupport (4.0.0) lib/active_support/tagged_logging.rb:67:in `tagged'
  railties (4.0.0) lib/rails/rack/logger.rb:21:in `call'
  actionpack (4.0.0) lib/action_dispatch/middleware/request_id.rb:21:in `call'
  rack (1.5.2) lib/rack/methodoverride.rb:21:in `call'
  rack (1.5.2) lib/rack/runtime.rb:17:in `call'
  activesupport (4.0.0) lib/active_support/cache/strategy/local_cache.rb:83:in `call'
  rack (1.5.2) lib/rack/lock.rb:17:in `call'
  actionpack (4.0.0) lib/action_dispatch/middleware/static.rb:64:in `call'
  railties (4.0.0) lib/rails/engine.rb:511:in `call'
  railties (4.0.0) lib/rails/application.rb:97:in `call'
  rack (1.5.2) lib/rack/lock.rb:17:in `call'
  rack (1.5.2) lib/rack/content_length.rb:14:in `call'
  rack (1.5.2) lib/rack/handler/webrick.rb:60:in `service'
  /Users/sagupta/.rvm/rubies/ruby-1.9.3-p448/lib/ruby/1.9.1/webrick/httpserver.rb:138:in `service'
  /Users/sagupta/.rvm/rubies/ruby-1.9.3-p448/lib/ruby/1.9.1/webrick/httpserver.rb:94:in `run'
  /Users/sagupta/.rvm/rubies/ruby-1.9.3-p448/lib/ruby/1.9.1/webrick/server.rb:191:in `block in start_thread'


  Rendered /Users/sagupta/.rvm/gems/ruby-1.9.3-p448/gems/actionpack-4.0.0/lib/action_dispatch/middleware/templates/rescues/_trace.erb (0.8ms)
  Rendered /Users/sagupta/.rvm/gems/ruby-1.9.3-p448/gems/actionpack-4.0.0/lib/action_dispatch/middleware/templates/routes/_route.html.erb (1.0ms)
  Rendered /Users/sagupta/.rvm/gems/ruby-1.9.3-p448/gems/actionpack-4.0.0/lib/action_dispatch/middleware/templates/routes/_table.html.erb (7.3ms)
  Rendered /Users/sagupta/.rvm/gems/ruby-1.9.3-p448/gems/actionpack-4.0.0/lib/action_dispatch/middleware/templates/rescues/routing_error.erb within rescues/layout (33.3ms)


Started GET "/" for 127.0.0.1 at 2013-07-13 00:12:24 -0700
Processing by EventsController#index as HTML
  [1m[35mEvent Load (0.1ms)[0m  SELECT "events".* FROM "events"
  Rendered events/index.html.erb within layouts/application (27.1ms)
Completed 200 OK in 71ms (Views: 67.8ms | ActiveRecord: 0.5ms)


Started GET "/assets/application.css?body=1" for 127.0.0.1 at 2013-07-13 00:12:24 -0700


Started GET "/assets/events.css?body=1" for 127.0.0.1 at 2013-07-13 00:12:24 -0700


Started GET "/assets/scaffolds.css?body=1" for 127.0.0.1 at 2013-07-13 00:12:24 -0700


Started GET "/assets/jquery.js?body=1" for 127.0.0.1 at 2013-07-13 00:12:24 -0700


Started GET "/assets/jquery_ujs.js?body=1" for 127.0.0.1 at 2013-07-13 00:12:24 -0700


Started GET "/assets/turbolinks.js?body=1" for 127.0.0.1 at 2013-07-13 00:12:24 -0700


Started GET "/assets/events.js?body=1" for 127.0.0.1 at 2013-07-13 00:12:24 -0700


Started GET "/assets/application.js?body=1" for 127.0.0.1 at 2013-07-13 00:12:24 -0700
